08:37:14.761 [main] DEBUG com.intuit.karate.Suite - [config] classpath:karate-config.js
08:37:20.677 [main] INFO  com.intuit.karate - karate.env system property was: null 
08:37:22.566 [main] DEBUG com.intuit.karate - request:
1 > POST https://petstore.swagger.io/v2/user
1 > Content-Type: application/json; charset=UTF-8
1 > Content-Length: 164
1 > Host: petstore.swagger.io
1 > Connection: Keep-Alive
1 > User-Agent: Apache-HttpClient/4.5.14 (Java/17.0.6)
1 > Accept-Encoding: gzip,deflate
{"id":10,"username":"testuser","firstName":"Test User","lastName":"Test User","email":"emailtest@user.com","password":"pass","phone":"5931234567890","userStatus":0}

08:37:24.289 [main] DEBUG com.intuit.karate - response time in milliseconds: 1706
1 < 200
1 < Date: Wed, 05 Jul 2023 13:37:25 GMT
1 < Content-Type: application/json
1 < Transfer-Encoding: chunked
1 < Connection: keep-alive
1 < Access-Control-Allow-Origin: *
1 < Access-Control-Allow-Methods: GET, POST, DELETE, PUT
1 < Access-Control-Allow-Headers: Content-Type, api_key, Authorization
1 < Server: Jetty(9.2.9.v20150224)
{"code":200,"type":"unknown","message":"10"}

08:37:24.318 [main] INFO  com.intuit.karate - [print] created username is:  testuser 
08:37:24.331 [main] DEBUG com.intuit.karate - request:
2 > GET https://petstore.swagger.io/v2/user/testuser
2 > Host: petstore.swagger.io
2 > Connection: Keep-Alive
2 > User-Agent: Apache-HttpClient/4.5.14 (Java/17.0.6)
2 > Accept-Encoding: gzip,deflate


08:37:24.651 [main] DEBUG com.intuit.karate - response time in milliseconds: 317
2 < 200
2 < Date: Wed, 05 Jul 2023 13:37:26 GMT
2 < Content-Type: application/json
2 < Transfer-Encoding: chunked
2 < Connection: keep-alive
2 < Access-Control-Allow-Origin: *
2 < Access-Control-Allow-Methods: GET, POST, DELETE, PUT
2 < Access-Control-Allow-Headers: Content-Type, api_key, Authorization
2 < Server: Jetty(9.2.9.v20150224)
{"id":10,"username":"testuser","firstName":"Test User","lastName":"Test User","email":"emailtest@user.com","password":"pass","phone":"5931234567890","userStatus":0}

08:37:24.829 [main] INFO  com.intuit.karate - karate.env system property was: null 
08:37:24.853 [main] INFO  com.intuit.karate - [print] username to search is:  testpet 
08:37:24.863 [main] DEBUG com.intuit.karate - request:
1 > GET https://petstore.swagger.io/v2/user/testpet
1 > Host: petstore.swagger.io
1 > Connection: Keep-Alive
1 > User-Agent: Apache-HttpClient/4.5.14 (Java/17.0.6)
1 > Accept-Encoding: gzip,deflate


08:37:25.176 [main] DEBUG com.intuit.karate - response time in milliseconds: 310
1 < 404
1 < Date: Wed, 05 Jul 2023 13:37:26 GMT
1 < Content-Type: application/json
1 < Transfer-Encoding: chunked
1 < Connection: keep-alive
1 < Access-Control-Allow-Origin: *
1 < Access-Control-Allow-Methods: GET, POST, DELETE, PUT
1 < Access-Control-Allow-Headers: Content-Type, api_key, Authorization
1 < Server: Jetty(9.2.9.v20150224)
{"code":1,"type":"error","message":"User not found"}

08:37:25.247 [main] INFO  com.intuit.karate - karate.env system property was: null 
08:37:25.284 [main] DEBUG com.intuit.karate - request:
1 > PUT https://petstore.swagger.io/v2/user/testuser
1 > Content-Type: application/json; charset=UTF-8
1 > Content-Length: 171
1 > Host: petstore.swagger.io
1 > Connection: Keep-Alive
1 > User-Agent: Apache-HttpClient/4.5.14 (Java/17.0.6)
1 > Accept-Encoding: gzip,deflate
{"id":10,"username":"testuser","firstName":"Test Usernew","lastName":"Test User","email":"emailtest_new@user.com","password":"pass","phone":"5931234567890","userStatus":0}

08:37:25.597 [main] DEBUG com.intuit.karate - response time in milliseconds: 310
1 < 200
1 < Date: Wed, 05 Jul 2023 13:37:27 GMT
1 < Content-Type: application/json
1 < Transfer-Encoding: chunked
1 < Connection: keep-alive
1 < Access-Control-Allow-Origin: *
1 < Access-Control-Allow-Methods: GET, POST, DELETE, PUT
1 < Access-Control-Allow-Headers: Content-Type, api_key, Authorization
1 < Server: Jetty(9.2.9.v20150224)
{"code":200,"type":"unknown","message":"10"}

08:37:25.612 [main] INFO  com.intuit.karate - [print] updated username is:  testuser 
08:37:25.621 [main] DEBUG com.intuit.karate - request:
2 > GET https://petstore.swagger.io/v2/user/testuser
2 > Host: petstore.swagger.io
2 > Connection: Keep-Alive
2 > User-Agent: Apache-HttpClient/4.5.14 (Java/17.0.6)
2 > Accept-Encoding: gzip,deflate


08:37:25.909 [main] DEBUG com.intuit.karate - response time in milliseconds: 285
2 < 200
2 < Date: Wed, 05 Jul 2023 13:37:27 GMT
2 < Content-Type: application/json
2 < Transfer-Encoding: chunked
2 < Connection: keep-alive
2 < Access-Control-Allow-Origin: *
2 < Access-Control-Allow-Methods: GET, POST, DELETE, PUT
2 < Access-Control-Allow-Headers: Content-Type, api_key, Authorization
2 < Server: Jetty(9.2.9.v20150224)
{"id":10,"username":"testuser","firstName":"Test Usernew","lastName":"Test User","email":"emailtest_new@user.com","password":"pass","phone":"5931234567890","userStatus":0}

08:37:25.957 [main] INFO  com.intuit.karate - karate.env system property was: null 
08:37:25.979 [main] DEBUG com.intuit.karate - request:
1 > DELETE https://petstore.swagger.io/v2/user/testuser
1 > Host: petstore.swagger.io
1 > Connection: Keep-Alive
1 > User-Agent: Apache-HttpClient/4.5.14 (Java/17.0.6)
1 > Accept-Encoding: gzip,deflate


08:37:26.293 [main] DEBUG com.intuit.karate - response time in milliseconds: 309
1 < 200
1 < Date: Wed, 05 Jul 2023 13:37:27 GMT
1 < Content-Type: application/json
1 < Transfer-Encoding: chunked
1 < Connection: keep-alive
1 < Access-Control-Allow-Origin: *
1 < Access-Control-Allow-Methods: GET, POST, DELETE, PUT
1 < Access-Control-Allow-Headers: Content-Type, api_key, Authorization
1 < Server: Jetty(9.2.9.v20150224)
{"code":200,"type":"unknown","message":"testuser"}

08:37:26.353 [main] INFO  com.intuit.karate - karate.env system property was: null 
08:37:26.374 [main] DEBUG com.intuit.karate - request:
1 > DELETE https://petstore.swagger.io/v2/user/testpet
1 > Host: petstore.swagger.io
1 > Connection: Keep-Alive
1 > User-Agent: Apache-HttpClient/4.5.14 (Java/17.0.6)
1 > Accept-Encoding: gzip,deflate


08:37:26.715 [main] DEBUG com.intuit.karate - response time in milliseconds: 337
1 < 404
1 < Date: Wed, 05 Jul 2023 13:37:28 GMT
1 < Content-Length: 0
1 < Connection: keep-alive
1 < Access-Control-Allow-Origin: *
1 < Access-Control-Allow-Methods: GET, POST, DELETE, PUT
1 < Access-Control-Allow-Headers: Content-Type, api_key, Authorization
1 < Server: Jetty(9.2.9.v20150224)


09:57:02.891 [main] DEBUG com.intuit.karate.Suite - [config] classpath:karate-config.js
09:57:08.369 [main] INFO  com.intuit.karate - karate.env system property was: null 
09:57:10.531 [main] DEBUG com.intuit.karate - request:
1 > POST https://petstore.swagger.io/v2/user
1 > Content-Type: application/json; charset=UTF-8
1 > Content-Length: 164
1 > Host: petstore.swagger.io
1 > Connection: Keep-Alive
1 > User-Agent: Apache-HttpClient/4.5.14 (Java/17.0.6)
1 > Accept-Encoding: gzip,deflate
{"id":10,"username":"testuser","firstName":"Test User","lastName":"Test User","email":"emailtest@user.com","password":"pass","phone":"5931234567890","userStatus":0}

09:57:12.102 [main] DEBUG com.intuit.karate - response time in milliseconds: 1558
1 < 200
1 < Date: Wed, 05 Jul 2023 14:57:13 GMT
1 < Content-Type: application/json
1 < Transfer-Encoding: chunked
1 < Connection: keep-alive
1 < Access-Control-Allow-Origin: *
1 < Access-Control-Allow-Methods: GET, POST, DELETE, PUT
1 < Access-Control-Allow-Headers: Content-Type, api_key, Authorization
1 < Server: Jetty(9.2.9.v20150224)
{"code":200,"type":"unknown","message":"10"}

09:57:12.132 [main] INFO  com.intuit.karate - [print] created username is:  testuser 
09:57:12.144 [main] DEBUG com.intuit.karate - request:
2 > GET https://petstore.swagger.io/v2/user/testuser
2 > Host: petstore.swagger.io
2 > Connection: Keep-Alive
2 > User-Agent: Apache-HttpClient/4.5.14 (Java/17.0.6)
2 > Accept-Encoding: gzip,deflate


09:57:12.442 [main] DEBUG com.intuit.karate - response time in milliseconds: 295
2 < 200
2 < Date: Wed, 05 Jul 2023 14:57:14 GMT
2 < Content-Type: application/json
2 < Transfer-Encoding: chunked
2 < Connection: keep-alive
2 < Access-Control-Allow-Origin: *
2 < Access-Control-Allow-Methods: GET, POST, DELETE, PUT
2 < Access-Control-Allow-Headers: Content-Type, api_key, Authorization
2 < Server: Jetty(9.2.9.v20150224)
{"id":10,"username":"testuser","firstName":"Test User","lastName":"Test User","email":"emailtest@user.com","password":"pass","phone":"5931234567890","userStatus":0}

09:57:12.612 [main] INFO  com.intuit.karate - karate.env system property was: null 
09:57:12.640 [main] INFO  com.intuit.karate - [print] username to search is:  testpet 
09:57:12.656 [main] DEBUG com.intuit.karate - request:
1 > GET https://petstore.swagger.io/v2/user/testpet
1 > Host: petstore.swagger.io
1 > Connection: Keep-Alive
1 > User-Agent: Apache-HttpClient/4.5.14 (Java/17.0.6)
1 > Accept-Encoding: gzip,deflate


09:57:12.975 [main] DEBUG com.intuit.karate - response time in milliseconds: 315
1 < 404
1 < Date: Wed, 05 Jul 2023 14:57:14 GMT
1 < Content-Type: application/json
1 < Transfer-Encoding: chunked
1 < Connection: keep-alive
1 < Access-Control-Allow-Origin: *
1 < Access-Control-Allow-Methods: GET, POST, DELETE, PUT
1 < Access-Control-Allow-Headers: Content-Type, api_key, Authorization
1 < Server: Jetty(9.2.9.v20150224)
{"code":1,"type":"error","message":"User not found"}

09:57:13.048 [main] INFO  com.intuit.karate - karate.env system property was: null 
09:57:13.120 [main] DEBUG com.intuit.karate - request:
1 > PUT https://petstore.swagger.io/v2/user/testuser
1 > Content-Type: application/json; charset=UTF-8
1 > Content-Length: 171
1 > Host: petstore.swagger.io
1 > Connection: Keep-Alive
1 > User-Agent: Apache-HttpClient/4.5.14 (Java/17.0.6)
1 > Accept-Encoding: gzip,deflate
{"id":10,"username":"testuser","firstName":"Test Usernew","lastName":"Test User","email":"emailtest_new@user.com","password":"pass","phone":"5931234567890","userStatus":0}

09:57:13.487 [main] DEBUG com.intuit.karate - response time in milliseconds: 334
1 < 200
1 < Date: Wed, 05 Jul 2023 14:57:15 GMT
1 < Content-Type: application/json
1 < Transfer-Encoding: chunked
1 < Connection: keep-alive
1 < Access-Control-Allow-Origin: *
1 < Access-Control-Allow-Methods: GET, POST, DELETE, PUT
1 < Access-Control-Allow-Headers: Content-Type, api_key, Authorization
1 < Server: Jetty(9.2.9.v20150224)
{"code":200,"type":"unknown","message":"10"}

09:57:13.502 [main] INFO  com.intuit.karate - [print] updated username is:  testuser 
09:57:13.507 [main] DEBUG com.intuit.karate - request:
2 > GET https://petstore.swagger.io/v2/user/testuser
2 > Host: petstore.swagger.io
2 > Connection: Keep-Alive
2 > User-Agent: Apache-HttpClient/4.5.14 (Java/17.0.6)
2 > Accept-Encoding: gzip,deflate


09:57:13.819 [main] DEBUG com.intuit.karate - response time in milliseconds: 310
2 < 200
2 < Date: Wed, 05 Jul 2023 14:57:15 GMT
2 < Content-Type: application/json
2 < Transfer-Encoding: chunked
2 < Connection: keep-alive
2 < Access-Control-Allow-Origin: *
2 < Access-Control-Allow-Methods: GET, POST, DELETE, PUT
2 < Access-Control-Allow-Headers: Content-Type, api_key, Authorization
2 < Server: Jetty(9.2.9.v20150224)
{"id":10,"username":"testuser","firstName":"Test Usernew","lastName":"Test User","email":"emailtest_new@user.com","password":"pass","phone":"5931234567890","userStatus":0}

09:57:13.867 [main] INFO  com.intuit.karate - karate.env system property was: null 
09:57:13.885 [main] DEBUG com.intuit.karate - request:
1 > DELETE https://petstore.swagger.io/v2/user/testuser
1 > Host: petstore.swagger.io
1 > Connection: Keep-Alive
1 > User-Agent: Apache-HttpClient/4.5.14 (Java/17.0.6)
1 > Accept-Encoding: gzip,deflate


09:57:14.203 [main] DEBUG com.intuit.karate - response time in milliseconds: 313
1 < 200
1 < Date: Wed, 05 Jul 2023 14:57:15 GMT
1 < Content-Type: application/json
1 < Transfer-Encoding: chunked
1 < Connection: keep-alive
1 < Access-Control-Allow-Origin: *
1 < Access-Control-Allow-Methods: GET, POST, DELETE, PUT
1 < Access-Control-Allow-Headers: Content-Type, api_key, Authorization
1 < Server: Jetty(9.2.9.v20150224)
{"code":200,"type":"unknown","message":"testuser"}

09:57:14.261 [main] INFO  com.intuit.karate - karate.env system property was: null 
09:57:14.283 [main] DEBUG com.intuit.karate - request:
1 > DELETE https://petstore.swagger.io/v2/user/testpet
1 > Host: petstore.swagger.io
1 > Connection: Keep-Alive
1 > User-Agent: Apache-HttpClient/4.5.14 (Java/17.0.6)
1 > Accept-Encoding: gzip,deflate


09:57:14.613 [main] DEBUG com.intuit.karate - response time in milliseconds: 323
1 < 404
1 < Date: Wed, 05 Jul 2023 14:57:16 GMT
1 < Content-Length: 0
1 < Connection: keep-alive
1 < Access-Control-Allow-Origin: *
1 < Access-Control-Allow-Methods: GET, POST, DELETE, PUT
1 < Access-Control-Allow-Headers: Content-Type, api_key, Authorization
1 < Server: Jetty(9.2.9.v20150224)


10:07:31.685 [main] DEBUG com.intuit.karate.Suite - [config] classpath:karate-config.js
10:07:36.744 [main] INFO  com.intuit.karate - karate.env system property was: null 
10:07:38.574 [main] DEBUG com.intuit.karate - request:
1 > POST https://petstore.swagger.io/v2/user
1 > Content-Type: application/json; charset=UTF-8
1 > Content-Length: 164
1 > Host: petstore.swagger.io
1 > Connection: Keep-Alive
1 > User-Agent: Apache-HttpClient/4.5.14 (Java/17.0.6)
1 > Accept-Encoding: gzip,deflate
{"id":10,"username":"testuser","firstName":"Test User","lastName":"Test User","email":"emailtest@user.com","password":"pass","phone":"5931234567890","userStatus":0}

10:07:40.512 [main] DEBUG com.intuit.karate - response time in milliseconds: 1924
1 < 200
1 < Date: Wed, 05 Jul 2023 15:07:42 GMT
1 < Content-Type: application/json
1 < Transfer-Encoding: chunked
1 < Connection: keep-alive
1 < Access-Control-Allow-Origin: *
1 < Access-Control-Allow-Methods: GET, POST, DELETE, PUT
1 < Access-Control-Allow-Headers: Content-Type, api_key, Authorization
1 < Server: Jetty(9.2.9.v20150224)
{"code":200,"type":"unknown","message":"10"}

10:07:40.542 [main] INFO  com.intuit.karate - [print] created username is:  testuser 
10:07:40.558 [main] DEBUG com.intuit.karate - request:
2 > GET https://petstore.swagger.io/v2/user/testuser
2 > Host: petstore.swagger.io
2 > Connection: Keep-Alive
2 > User-Agent: Apache-HttpClient/4.5.14 (Java/17.0.6)
2 > Accept-Encoding: gzip,deflate


10:07:40.885 [main] DEBUG com.intuit.karate - response time in milliseconds: 322
2 < 200
2 < Date: Wed, 05 Jul 2023 15:07:42 GMT
2 < Content-Type: application/json
2 < Transfer-Encoding: chunked
2 < Connection: keep-alive
2 < Access-Control-Allow-Origin: *
2 < Access-Control-Allow-Methods: GET, POST, DELETE, PUT
2 < Access-Control-Allow-Headers: Content-Type, api_key, Authorization
2 < Server: Jetty(9.2.9.v20150224)
{"id":10,"username":"testuser","firstName":"Test User","lastName":"Test User","email":"emailtest@user.com","password":"pass","phone":"5931234567890","userStatus":0}

10:07:41.041 [main] INFO  com.intuit.karate - karate.env system property was: null 
10:07:41.061 [main] INFO  com.intuit.karate - [print] username to search is:  testpet 
10:07:41.076 [main] DEBUG com.intuit.karate - request:
1 > GET https://petstore.swagger.io/v2/user/testpet
1 > Host: petstore.swagger.io
1 > Connection: Keep-Alive
1 > User-Agent: Apache-HttpClient/4.5.14 (Java/17.0.6)
1 > Accept-Encoding: gzip,deflate


10:07:41.421 [main] DEBUG com.intuit.karate - response time in milliseconds: 342
1 < 404
1 < Date: Wed, 05 Jul 2023 15:07:43 GMT
1 < Content-Type: application/json
1 < Transfer-Encoding: chunked
1 < Connection: keep-alive
1 < Access-Control-Allow-Origin: *
1 < Access-Control-Allow-Methods: GET, POST, DELETE, PUT
1 < Access-Control-Allow-Headers: Content-Type, api_key, Authorization
1 < Server: Jetty(9.2.9.v20150224)
{"code":1,"type":"error","message":"User not found"}

10:07:41.474 [main] INFO  com.intuit.karate - karate.env system property was: null 
10:07:41.512 [main] DEBUG com.intuit.karate - request:
1 > PUT https://petstore.swagger.io/v2/user/testuser
1 > Content-Type: application/json; charset=UTF-8
1 > Content-Length: 171
1 > Host: petstore.swagger.io
1 > Connection: Keep-Alive
1 > User-Agent: Apache-HttpClient/4.5.14 (Java/17.0.6)
1 > Accept-Encoding: gzip,deflate
{"id":10,"username":"testuser","firstName":"Test Usernew","lastName":"Test User","email":"emailtest_new@user.com","password":"pass","phone":"5931234567890","userStatus":0}

10:07:41.831 [main] DEBUG com.intuit.karate - response time in milliseconds: 314
1 < 200
1 < Date: Wed, 05 Jul 2023 15:07:43 GMT
1 < Content-Type: application/json
1 < Transfer-Encoding: chunked
1 < Connection: keep-alive
1 < Access-Control-Allow-Origin: *
1 < Access-Control-Allow-Methods: GET, POST, DELETE, PUT
1 < Access-Control-Allow-Headers: Content-Type, api_key, Authorization
1 < Server: Jetty(9.2.9.v20150224)
{"code":200,"type":"unknown","message":"10"}

10:07:41.843 [main] INFO  com.intuit.karate - [print] updated username is:  testuser 
10:07:41.851 [main] DEBUG com.intuit.karate - request:
2 > GET https://petstore.swagger.io/v2/user/testuser
2 > Host: petstore.swagger.io
2 > Connection: Keep-Alive
2 > User-Agent: Apache-HttpClient/4.5.14 (Java/17.0.6)
2 > Accept-Encoding: gzip,deflate


10:07:42.162 [main] DEBUG com.intuit.karate - response time in milliseconds: 308
2 < 200
2 < Date: Wed, 05 Jul 2023 15:07:43 GMT
2 < Content-Type: application/json
2 < Transfer-Encoding: chunked
2 < Connection: keep-alive
2 < Access-Control-Allow-Origin: *
2 < Access-Control-Allow-Methods: GET, POST, DELETE, PUT
2 < Access-Control-Allow-Headers: Content-Type, api_key, Authorization
2 < Server: Jetty(9.2.9.v20150224)
{"id":10,"username":"testuser","firstName":"Test Usernew","lastName":"Test User","email":"emailtest_new@user.com","password":"pass","phone":"5931234567890","userStatus":0}

10:07:42.211 [main] INFO  com.intuit.karate - karate.env system property was: null 
10:07:42.245 [main] DEBUG com.intuit.karate - request:
1 > DELETE https://petstore.swagger.io/v2/user/testuser
1 > Host: petstore.swagger.io
1 > Connection: Keep-Alive
1 > User-Agent: Apache-HttpClient/4.5.14 (Java/17.0.6)
1 > Accept-Encoding: gzip,deflate


10:07:42.607 [main] DEBUG com.intuit.karate - response time in milliseconds: 351
1 < 200
1 < Date: Wed, 05 Jul 2023 15:07:44 GMT
1 < Content-Type: application/json
1 < Transfer-Encoding: chunked
1 < Connection: keep-alive
1 < Access-Control-Allow-Origin: *
1 < Access-Control-Allow-Methods: GET, POST, DELETE, PUT
1 < Access-Control-Allow-Headers: Content-Type, api_key, Authorization
1 < Server: Jetty(9.2.9.v20150224)
{"code":200,"type":"unknown","message":"testuser"}

10:07:42.689 [main] INFO  com.intuit.karate - karate.env system property was: null 
10:07:42.738 [main] DEBUG com.intuit.karate - request:
1 > DELETE https://petstore.swagger.io/v2/user/testpet
1 > Host: petstore.swagger.io
1 > Connection: Keep-Alive
1 > User-Agent: Apache-HttpClient/4.5.14 (Java/17.0.6)
1 > Accept-Encoding: gzip,deflate


10:07:43.081 [main] DEBUG com.intuit.karate - response time in milliseconds: 328
1 < 404
1 < Date: Wed, 05 Jul 2023 15:07:44 GMT
1 < Content-Length: 0
1 < Connection: keep-alive
1 < Access-Control-Allow-Origin: *
1 < Access-Control-Allow-Methods: GET, POST, DELETE, PUT
1 < Access-Control-Allow-Headers: Content-Type, api_key, Authorization
1 < Server: Jetty(9.2.9.v20150224)


10:11:08.074 [main] DEBUG com.intuit.karate.Suite - [config] classpath:karate-config.js
10:11:13.326 [main] INFO  com.intuit.karate - karate.env system property was: null 
10:11:15.494 [main] DEBUG com.intuit.karate - request:
1 > POST https://petstore.swagger.io/v2/user
1 > Content-Type: application/json; charset=UTF-8
1 > Content-Length: 164
1 > Host: petstore.swagger.io
1 > Connection: Keep-Alive
1 > User-Agent: Apache-HttpClient/4.5.14 (Java/17.0.6)
1 > Accept-Encoding: gzip,deflate
{"id":10,"username":"testuser","firstName":"Test User","lastName":"Test User","email":"emailtest@user.com","password":"pass","phone":"5931234567890","userStatus":0}

10:11:16.915 [main] DEBUG com.intuit.karate - response time in milliseconds: 1400
1 < 200
1 < Date: Wed, 05 Jul 2023 15:11:18 GMT
1 < Content-Type: application/json
1 < Transfer-Encoding: chunked
1 < Connection: keep-alive
1 < Access-Control-Allow-Origin: *
1 < Access-Control-Allow-Methods: GET, POST, DELETE, PUT
1 < Access-Control-Allow-Headers: Content-Type, api_key, Authorization
1 < Server: Jetty(9.2.9.v20150224)
{"code":200,"type":"unknown","message":"10"}

10:11:16.952 [main] INFO  com.intuit.karate - [print] created username is:  testuser 
10:11:16.966 [main] DEBUG com.intuit.karate - request:
2 > GET https://petstore.swagger.io/v2/user/testuser
2 > Host: petstore.swagger.io
2 > Connection: Keep-Alive
2 > User-Agent: Apache-HttpClient/4.5.14 (Java/17.0.6)
2 > Accept-Encoding: gzip,deflate


10:11:17.314 [main] DEBUG com.intuit.karate - response time in milliseconds: 344
2 < 200
2 < Date: Wed, 05 Jul 2023 15:11:19 GMT
2 < Content-Type: application/json
2 < Transfer-Encoding: chunked
2 < Connection: keep-alive
2 < Access-Control-Allow-Origin: *
2 < Access-Control-Allow-Methods: GET, POST, DELETE, PUT
2 < Access-Control-Allow-Headers: Content-Type, api_key, Authorization
2 < Server: Jetty(9.2.9.v20150224)
{"id":10,"username":"testuser","firstName":"Test User","lastName":"Test User","email":"emailtest@user.com","password":"pass","phone":"5931234567890","userStatus":0}

10:11:17.492 [main] INFO  com.intuit.karate - karate.env system property was: null 
10:11:17.517 [main] INFO  com.intuit.karate - [print] username to search is:  testpet 
10:11:17.530 [main] DEBUG com.intuit.karate - request:
1 > GET https://petstore.swagger.io/v2/user/testpet
1 > Host: petstore.swagger.io
1 > Connection: Keep-Alive
1 > User-Agent: Apache-HttpClient/4.5.14 (Java/17.0.6)
1 > Accept-Encoding: gzip,deflate


10:11:17.852 [main] DEBUG com.intuit.karate - response time in milliseconds: 319
1 < 404
1 < Date: Wed, 05 Jul 2023 15:11:19 GMT
1 < Content-Type: application/json
1 < Transfer-Encoding: chunked
1 < Connection: keep-alive
1 < Access-Control-Allow-Origin: *
1 < Access-Control-Allow-Methods: GET, POST, DELETE, PUT
1 < Access-Control-Allow-Headers: Content-Type, api_key, Authorization
1 < Server: Jetty(9.2.9.v20150224)
{"code":1,"type":"error","message":"User not found"}

10:11:17.928 [main] INFO  com.intuit.karate - karate.env system property was: null 
10:11:17.978 [main] DEBUG com.intuit.karate - request:
1 > PUT https://petstore.swagger.io/v2/user/testuser
1 > Content-Type: application/json; charset=UTF-8
1 > Content-Length: 171
1 > Host: petstore.swagger.io
1 > Connection: Keep-Alive
1 > User-Agent: Apache-HttpClient/4.5.14 (Java/17.0.6)
1 > Accept-Encoding: gzip,deflate
{"id":10,"username":"testuser","firstName":"Test Usernew","lastName":"Test User","email":"emailtest_new@user.com","password":"pass","phone":"5931234567890","userStatus":0}

10:11:18.303 [main] DEBUG com.intuit.karate - response time in milliseconds: 321
1 < 200
1 < Date: Wed, 05 Jul 2023 15:11:20 GMT
1 < Content-Type: application/json
1 < Transfer-Encoding: chunked
1 < Connection: keep-alive
1 < Access-Control-Allow-Origin: *
1 < Access-Control-Allow-Methods: GET, POST, DELETE, PUT
1 < Access-Control-Allow-Headers: Content-Type, api_key, Authorization
1 < Server: Jetty(9.2.9.v20150224)
{"code":200,"type":"unknown","message":"10"}

10:11:18.323 [main] INFO  com.intuit.karate - [print] updated username is:  testuser 
10:11:18.331 [main] DEBUG com.intuit.karate - request:
2 > GET https://petstore.swagger.io/v2/user/testuser
2 > Host: petstore.swagger.io
2 > Connection: Keep-Alive
2 > User-Agent: Apache-HttpClient/4.5.14 (Java/17.0.6)
2 > Accept-Encoding: gzip,deflate


10:11:18.638 [main] DEBUG com.intuit.karate - response time in milliseconds: 304
2 < 200
2 < Date: Wed, 05 Jul 2023 15:11:20 GMT
2 < Content-Type: application/json
2 < Transfer-Encoding: chunked
2 < Connection: keep-alive
2 < Access-Control-Allow-Origin: *
2 < Access-Control-Allow-Methods: GET, POST, DELETE, PUT
2 < Access-Control-Allow-Headers: Content-Type, api_key, Authorization
2 < Server: Jetty(9.2.9.v20150224)
{"id":10,"username":"testuser","firstName":"Test Usernew","lastName":"Test User","email":"emailtest_new@user.com","password":"pass","phone":"5931234567890","userStatus":0}

10:11:18.686 [main] INFO  com.intuit.karate - karate.env system property was: null 
10:11:18.705 [main] DEBUG com.intuit.karate - request:
1 > DELETE https://petstore.swagger.io/v2/user/testuser
1 > Host: petstore.swagger.io
1 > Connection: Keep-Alive
1 > User-Agent: Apache-HttpClient/4.5.14 (Java/17.0.6)
1 > Accept-Encoding: gzip,deflate


10:11:19.045 [main] DEBUG com.intuit.karate - response time in milliseconds: 335
1 < 200
1 < Date: Wed, 05 Jul 2023 15:11:20 GMT
1 < Content-Type: application/json
1 < Transfer-Encoding: chunked
1 < Connection: keep-alive
1 < Access-Control-Allow-Origin: *
1 < Access-Control-Allow-Methods: GET, POST, DELETE, PUT
1 < Access-Control-Allow-Headers: Content-Type, api_key, Authorization
1 < Server: Jetty(9.2.9.v20150224)
{"code":200,"type":"unknown","message":"testuser"}

10:11:19.108 [main] INFO  com.intuit.karate - karate.env system property was: null 
10:11:19.127 [main] DEBUG com.intuit.karate - request:
1 > DELETE https://petstore.swagger.io/v2/user/testpet
1 > Host: petstore.swagger.io
1 > Connection: Keep-Alive
1 > User-Agent: Apache-HttpClient/4.5.14 (Java/17.0.6)
1 > Accept-Encoding: gzip,deflate


10:11:19.452 [main] DEBUG com.intuit.karate - response time in milliseconds: 304
1 < 404
1 < Date: Wed, 05 Jul 2023 15:11:21 GMT
1 < Content-Length: 0
1 < Connection: keep-alive
1 < Access-Control-Allow-Origin: *
1 < Access-Control-Allow-Methods: GET, POST, DELETE, PUT
1 < Access-Control-Allow-Headers: Content-Type, api_key, Authorization
1 < Server: Jetty(9.2.9.v20150224)


10:33:57.247 [main] DEBUG com.intuit.karate.Suite - [config] classpath:karate-config.js
10:34:03.724 [main] INFO  com.intuit.karate - karate.env system property was: null 
10:34:05.598 [main] DEBUG com.intuit.karate - request:
1 > POST https://petstore.swagger.io/v2/user
1 > Content-Type: application/json; charset=UTF-8
1 > Content-Length: 164
1 > Host: petstore.swagger.io
1 > Connection: Keep-Alive
1 > User-Agent: Apache-HttpClient/4.5.14 (Java/17.0.6)
1 > Accept-Encoding: gzip,deflate
{"id":10,"username":"testuser","firstName":"Test User","lastName":"Test User","email":"emailtest@user.com","password":"pass","phone":"5931234567890","userStatus":0}

10:34:07.917 [main] DEBUG com.intuit.karate - response time in milliseconds: 2277
1 < 200
1 < Date: Wed, 05 Jul 2023 15:34:09 GMT
1 < Content-Type: application/json
1 < Transfer-Encoding: chunked
1 < Connection: keep-alive
1 < Access-Control-Allow-Origin: *
1 < Access-Control-Allow-Methods: GET, POST, DELETE, PUT
1 < Access-Control-Allow-Headers: Content-Type, api_key, Authorization
1 < Server: Jetty(9.2.9.v20150224)
{"code":200,"type":"unknown","message":"10"}

10:34:07.983 [main] INFO  com.intuit.karate - [print] created username is:  testuser 
10:34:08.039 [main] DEBUG com.intuit.karate - request:
2 > GET https://petstore.swagger.io/v2/user/testuser
2 > Host: petstore.swagger.io
2 > Connection: Keep-Alive
2 > User-Agent: Apache-HttpClient/4.5.14 (Java/17.0.6)
2 > Accept-Encoding: gzip,deflate


10:34:08.419 [main] DEBUG com.intuit.karate - response time in milliseconds: 373
2 < 404
2 < Date: Wed, 05 Jul 2023 15:34:10 GMT
2 < Content-Type: application/json
2 < Transfer-Encoding: chunked
2 < Connection: keep-alive
2 < Access-Control-Allow-Origin: *
2 < Access-Control-Allow-Methods: GET, POST, DELETE, PUT
2 < Access-Control-Allow-Headers: Content-Type, api_key, Authorization
2 < Server: Jetty(9.2.9.v20150224)
{"code":1,"type":"error","message":"User not found"}

10:34:08.482 [main] ERROR com.intuit.karate - classpath:userCreate/user.feature:34
Then status 200
status code was: 404, expected: 200, response time in milliseconds: 373, url: https://petstore.swagger.io/v2/user/testuser, response: 
{"code":1,"type":"error","message":"User not found"}
classpath:userCreate/user.feature:34
10:34:08.808 [main] INFO  com.intuit.karate - karate.env system property was: null 
10:34:08.833 [main] INFO  com.intuit.karate - [print] username to search is:  testpet 
10:34:08.847 [main] DEBUG com.intuit.karate - request:
1 > GET https://petstore.swagger.io/v2/user/testpet
1 > Host: petstore.swagger.io
1 > Connection: Keep-Alive
1 > User-Agent: Apache-HttpClient/4.5.14 (Java/17.0.6)
1 > Accept-Encoding: gzip,deflate


10:34:09.143 [main] DEBUG com.intuit.karate - response time in milliseconds: 292
1 < 404
1 < Date: Wed, 05 Jul 2023 15:34:10 GMT
1 < Content-Type: application/json
1 < Transfer-Encoding: chunked
1 < Connection: keep-alive
1 < Access-Control-Allow-Origin: *
1 < Access-Control-Allow-Methods: GET, POST, DELETE, PUT
1 < Access-Control-Allow-Headers: Content-Type, api_key, Authorization
1 < Server: Jetty(9.2.9.v20150224)
{"code":1,"type":"error","message":"User not found"}

10:34:09.217 [main] INFO  com.intuit.karate - karate.env system property was: null 
10:34:09.255 [main] DEBUG com.intuit.karate - request:
1 > PUT https://petstore.swagger.io/v2/user/testuser
1 > Content-Type: application/json; charset=UTF-8
1 > Content-Length: 171
1 > Host: petstore.swagger.io
1 > Connection: Keep-Alive
1 > User-Agent: Apache-HttpClient/4.5.14 (Java/17.0.6)
1 > Accept-Encoding: gzip,deflate
{"id":10,"username":"testuser","firstName":"Test Usernew","lastName":"Test User","email":"emailtest_new@user.com","password":"pass","phone":"5931234567890","userStatus":0}

10:34:09.599 [main] DEBUG com.intuit.karate - response time in milliseconds: 339
1 < 200
1 < Date: Wed, 05 Jul 2023 15:34:11 GMT
1 < Content-Type: application/json
1 < Transfer-Encoding: chunked
1 < Connection: keep-alive
1 < Access-Control-Allow-Origin: *
1 < Access-Control-Allow-Methods: GET, POST, DELETE, PUT
1 < Access-Control-Allow-Headers: Content-Type, api_key, Authorization
1 < Server: Jetty(9.2.9.v20150224)
{"code":200,"type":"unknown","message":"10"}

10:34:09.614 [main] INFO  com.intuit.karate - [print] updated username is:  testuser 
10:34:09.622 [main] DEBUG com.intuit.karate - request:
2 > GET https://petstore.swagger.io/v2/user/testuser
2 > Host: petstore.swagger.io
2 > Connection: Keep-Alive
2 > User-Agent: Apache-HttpClient/4.5.14 (Java/17.0.6)
2 > Accept-Encoding: gzip,deflate


10:34:09.955 [main] DEBUG com.intuit.karate - response time in milliseconds: 330
2 < 404
2 < Date: Wed, 05 Jul 2023 15:34:11 GMT
2 < Content-Type: application/json
2 < Transfer-Encoding: chunked
2 < Connection: keep-alive
2 < Access-Control-Allow-Origin: *
2 < Access-Control-Allow-Methods: GET, POST, DELETE, PUT
2 < Access-Control-Allow-Headers: Content-Type, api_key, Authorization
2 < Server: Jetty(9.2.9.v20150224)
{"code":1,"type":"error","message":"User not found"}

10:34:09.963 [main] ERROR com.intuit.karate - classpath:userCreate/user.feature:72
Then status 200
status code was: 404, expected: 200, response time in milliseconds: 330, url: https://petstore.swagger.io/v2/user/testuser, response: 
{"code":1,"type":"error","message":"User not found"}
classpath:userCreate/user.feature:72
10:34:10.024 [main] INFO  com.intuit.karate - karate.env system property was: null 
10:34:10.051 [main] DEBUG com.intuit.karate - request:
1 > DELETE https://petstore.swagger.io/v2/user/testuser
1 > Host: petstore.swagger.io
1 > Connection: Keep-Alive
1 > User-Agent: Apache-HttpClient/4.5.14 (Java/17.0.6)
1 > Accept-Encoding: gzip,deflate


10:34:10.392 [main] DEBUG com.intuit.karate - response time in milliseconds: 336
1 < 404
1 < Date: Wed, 05 Jul 2023 15:34:12 GMT
1 < Content-Length: 0
1 < Connection: keep-alive
1 < Access-Control-Allow-Origin: *
1 < Access-Control-Allow-Methods: GET, POST, DELETE, PUT
1 < Access-Control-Allow-Headers: Content-Type, api_key, Authorization
1 < Server: Jetty(9.2.9.v20150224)


10:34:10.403 [main] ERROR com.intuit.karate - classpath:userCreate/user.feature:80
Then status 200
status code was: 404, expected: 200, response time in milliseconds: 336, url: https://petstore.swagger.io/v2/user/testuser, response: 

classpath:userCreate/user.feature:80
10:34:10.492 [main] INFO  com.intuit.karate - karate.env system property was: null 
10:34:10.550 [main] DEBUG com.intuit.karate - request:
1 > DELETE https://petstore.swagger.io/v2/user/testpet
1 > Host: petstore.swagger.io
1 > Connection: Keep-Alive
1 > User-Agent: Apache-HttpClient/4.5.14 (Java/17.0.6)
1 > Accept-Encoding: gzip,deflate


10:34:10.872 [main] DEBUG com.intuit.karate - response time in milliseconds: 318
1 < 404
1 < Date: Wed, 05 Jul 2023 15:34:12 GMT
1 < Content-Length: 0
1 < Connection: keep-alive
1 < Access-Control-Allow-Origin: *
1 < Access-Control-Allow-Methods: GET, POST, DELETE, PUT
1 < Access-Control-Allow-Headers: Content-Type, api_key, Authorization
1 < Server: Jetty(9.2.9.v20150224)


10:35:52.612 [main] DEBUG com.intuit.karate.Suite - [config] classpath:karate-config.js
10:35:57.862 [main] INFO  com.intuit.karate - karate.env system property was: null 
10:35:59.742 [main] DEBUG com.intuit.karate - request:
1 > POST https://petstore.swagger.io/v2/user
1 > Content-Type: application/json; charset=UTF-8
1 > Content-Length: 164
1 > Host: petstore.swagger.io
1 > Connection: Keep-Alive
1 > User-Agent: Apache-HttpClient/4.5.14 (Java/17.0.6)
1 > Accept-Encoding: gzip,deflate
{"id":10,"username":"testuser","firstName":"Test User","lastName":"Test User","email":"emailtest@user.com","password":"pass","phone":"5931234567890","userStatus":0}

10:36:01.135 [main] DEBUG com.intuit.karate - response time in milliseconds: 1380
1 < 200
1 < Date: Wed, 05 Jul 2023 15:36:02 GMT
1 < Content-Type: application/json
1 < Transfer-Encoding: chunked
1 < Connection: keep-alive
1 < Access-Control-Allow-Origin: *
1 < Access-Control-Allow-Methods: GET, POST, DELETE, PUT
1 < Access-Control-Allow-Headers: Content-Type, api_key, Authorization
1 < Server: Jetty(9.2.9.v20150224)
{"code":200,"type":"unknown","message":"10"}

10:36:01.161 [main] INFO  com.intuit.karate - [print] created username is:  testuser 
10:36:01.175 [main] DEBUG com.intuit.karate - request:
2 > GET https://petstore.swagger.io/v2/user/testuser
2 > Host: petstore.swagger.io
2 > Connection: Keep-Alive
2 > User-Agent: Apache-HttpClient/4.5.14 (Java/17.0.6)
2 > Accept-Encoding: gzip,deflate


10:36:01.496 [main] DEBUG com.intuit.karate - response time in milliseconds: 317
2 < 200
2 < Date: Wed, 05 Jul 2023 15:36:03 GMT
2 < Content-Type: application/json
2 < Transfer-Encoding: chunked
2 < Connection: keep-alive
2 < Access-Control-Allow-Origin: *
2 < Access-Control-Allow-Methods: GET, POST, DELETE, PUT
2 < Access-Control-Allow-Headers: Content-Type, api_key, Authorization
2 < Server: Jetty(9.2.9.v20150224)
{"id":10,"username":"testuser","firstName":"Test User","lastName":"Test User","email":"emailtest@user.com","password":"pass","phone":"5931234567890","userStatus":0}

10:36:01.658 [main] INFO  com.intuit.karate - karate.env system property was: null 
10:36:01.688 [main] INFO  com.intuit.karate - [print] username to search is:  testpet 
10:36:01.705 [main] DEBUG com.intuit.karate - request:
1 > GET https://petstore.swagger.io/v2/user/testpet
1 > Host: petstore.swagger.io
1 > Connection: Keep-Alive
1 > User-Agent: Apache-HttpClient/4.5.14 (Java/17.0.6)
1 > Accept-Encoding: gzip,deflate


10:36:02.031 [main] DEBUG com.intuit.karate - response time in milliseconds: 321
1 < 404
1 < Date: Wed, 05 Jul 2023 15:36:03 GMT
1 < Content-Type: application/json
1 < Transfer-Encoding: chunked
1 < Connection: keep-alive
1 < Access-Control-Allow-Origin: *
1 < Access-Control-Allow-Methods: GET, POST, DELETE, PUT
1 < Access-Control-Allow-Headers: Content-Type, api_key, Authorization
1 < Server: Jetty(9.2.9.v20150224)
{"code":1,"type":"error","message":"User not found"}

10:36:02.086 [main] INFO  com.intuit.karate - karate.env system property was: null 
10:36:02.163 [main] DEBUG com.intuit.karate - request:
1 > PUT https://petstore.swagger.io/v2/user/testuser
1 > Content-Type: application/json; charset=UTF-8
1 > Content-Length: 171
1 > Host: petstore.swagger.io
1 > Connection: Keep-Alive
1 > User-Agent: Apache-HttpClient/4.5.14 (Java/17.0.6)
1 > Accept-Encoding: gzip,deflate
{"id":10,"username":"testuser","firstName":"Test Usernew","lastName":"Test User","email":"emailtest_new@user.com","password":"pass","phone":"5931234567890","userStatus":0}

10:36:02.479 [main] DEBUG com.intuit.karate - response time in milliseconds: 312
1 < 200
1 < Date: Wed, 05 Jul 2023 15:36:04 GMT
1 < Content-Type: application/json
1 < Transfer-Encoding: chunked
1 < Connection: keep-alive
1 < Access-Control-Allow-Origin: *
1 < Access-Control-Allow-Methods: GET, POST, DELETE, PUT
1 < Access-Control-Allow-Headers: Content-Type, api_key, Authorization
1 < Server: Jetty(9.2.9.v20150224)
{"code":200,"type":"unknown","message":"10"}

10:36:02.493 [main] INFO  com.intuit.karate - [print] updated username is:  testuser 
10:36:02.501 [main] DEBUG com.intuit.karate - request:
2 > GET https://petstore.swagger.io/v2/user/testuser
2 > Host: petstore.swagger.io
2 > Connection: Keep-Alive
2 > User-Agent: Apache-HttpClient/4.5.14 (Java/17.0.6)
2 > Accept-Encoding: gzip,deflate


10:36:02.785 [main] DEBUG com.intuit.karate - response time in milliseconds: 282
2 < 200
2 < Date: Wed, 05 Jul 2023 15:36:04 GMT
2 < Content-Type: application/json
2 < Transfer-Encoding: chunked
2 < Connection: keep-alive
2 < Access-Control-Allow-Origin: *
2 < Access-Control-Allow-Methods: GET, POST, DELETE, PUT
2 < Access-Control-Allow-Headers: Content-Type, api_key, Authorization
2 < Server: Jetty(9.2.9.v20150224)
{"id":10,"username":"testuser","firstName":"Test Usernew","lastName":"Test User","email":"emailtest_new@user.com","password":"pass","phone":"5931234567890","userStatus":0}

10:36:02.827 [main] INFO  com.intuit.karate - karate.env system property was: null 
10:36:02.847 [main] DEBUG com.intuit.karate - request:
1 > DELETE https://petstore.swagger.io/v2/user/testuser
1 > Host: petstore.swagger.io
1 > Connection: Keep-Alive
1 > User-Agent: Apache-HttpClient/4.5.14 (Java/17.0.6)
1 > Accept-Encoding: gzip,deflate


10:36:03.186 [main] DEBUG com.intuit.karate - response time in milliseconds: 334
1 < 200
1 < Date: Wed, 05 Jul 2023 15:36:05 GMT
1 < Content-Type: application/json
1 < Transfer-Encoding: chunked
1 < Connection: keep-alive
1 < Access-Control-Allow-Origin: *
1 < Access-Control-Allow-Methods: GET, POST, DELETE, PUT
1 < Access-Control-Allow-Headers: Content-Type, api_key, Authorization
1 < Server: Jetty(9.2.9.v20150224)
{"code":200,"type":"unknown","message":"testuser"}

10:36:03.233 [main] INFO  com.intuit.karate - karate.env system property was: null 
10:36:03.249 [main] DEBUG com.intuit.karate - request:
1 > DELETE https://petstore.swagger.io/v2/user/testpet
1 > Host: petstore.swagger.io
1 > Connection: Keep-Alive
1 > User-Agent: Apache-HttpClient/4.5.14 (Java/17.0.6)
1 > Accept-Encoding: gzip,deflate


10:36:03.561 [main] DEBUG com.intuit.karate - response time in milliseconds: 307
1 < 404
1 < Date: Wed, 05 Jul 2023 15:36:05 GMT
1 < Content-Length: 0
1 < Connection: keep-alive
1 < Access-Control-Allow-Origin: *
1 < Access-Control-Allow-Methods: GET, POST, DELETE, PUT
1 < Access-Control-Allow-Headers: Content-Type, api_key, Authorization
1 < Server: Jetty(9.2.9.v20150224)


